[NX Daemon Server] - 2024-05-15T20:31:22.325Z - Started listening on: /tmp/0c8b6ea3d56db417e919/d.sock
[NX Daemon Server] - 2024-05-15T20:31:22.327Z - [WATCHER]: Subscribed to changes within: /home/micael/gihub/formacaoAngular (native)
[NX Daemon Server] - 2024-05-15T20:31:22.336Z - Established a connection. Number of open connections: 1
[NX Daemon Server] - 2024-05-15T20:31:22.337Z - Established a connection. Number of open connections: 2
[NX Daemon Server] - 2024-05-15T20:31:22.338Z - Closed a connection. Number of open connections: 1
[NX Daemon Server] - 2024-05-15T20:31:22.339Z - [REQUEST]: Client Request for Project Graph Received
[NX Daemon Server] - 2024-05-15T20:31:22.344Z - [REQUEST]: Updated workspace context based on watched changes, recomputing project graph...
[NX Daemon Server] - 2024-05-15T20:31:22.344Z - [REQUEST]: 
[NX Daemon Server] - 2024-05-15T20:31:22.344Z - [REQUEST]: 
[NX Daemon Server] - 2024-05-15T20:31:22.411Z - [REQUEST]: Responding to the client. project-graph
[NX Daemon Server] - 2024-05-15T20:31:22.411Z - Time taken for 'total for creating and serializing project graph' 71.952852ms
[NX Daemon Server] - 2024-05-15T20:31:22.412Z - Done responding to the client project-graph
[NX Daemon Server] - 2024-05-15T20:31:22.413Z - Handled REQUEST_PROJECT_GRAPH. Handling time: 72. Response time: 2.
[NX Daemon Server] - 2024-05-15T20:31:22.649Z - [REQUEST]: Client Request for Project Graph Received
[NX Daemon Server] - 2024-05-15T20:31:22.650Z - [REQUEST]: Responding to the client. project-graph
[NX Daemon Server] - 2024-05-15T20:31:22.651Z - Time taken for 'total for creating and serializing project graph' 0.6024980000000255ms
[NX Daemon Server] - 2024-05-15T20:31:22.651Z - Done responding to the client project-graph
[NX Daemon Server] - 2024-05-15T20:31:22.651Z - Handled REQUEST_PROJECT_GRAPH. Handling time: 1. Response time: 1.
[NX Daemon Server] - 2024-05-15T20:31:22.674Z - [REQUEST]: Client Request for Project Graph Received
[NX Daemon Server] - 2024-05-15T20:31:22.674Z - [REQUEST]: Responding to the client. project-graph
[NX Daemon Server] - 2024-05-15T20:31:22.675Z - Time taken for 'total for creating and serializing project graph' 0.5285229999999501ms
[NX Daemon Server] - 2024-05-15T20:31:22.675Z - Done responding to the client project-graph
[NX Daemon Server] - 2024-05-15T20:31:22.675Z - Handled REQUEST_PROJECT_GRAPH. Handling time: 0. Response time: 1.
[NX Daemon Server] - 2024-05-15T20:31:22.682Z - [REQUEST]: Client Request for Project Graph Received
[NX Daemon Server] - 2024-05-15T20:31:22.683Z - [REQUEST]: Responding to the client. project-graph
[NX Daemon Server] - 2024-05-15T20:31:22.683Z - Time taken for 'total for creating and serializing project graph' 0.3653070000000298ms
[NX Daemon Server] - 2024-05-15T20:31:22.683Z - Done responding to the client project-graph
[NX Daemon Server] - 2024-05-15T20:31:22.683Z - Handled REQUEST_PROJECT_GRAPH. Handling time: 1. Response time: 0.
[NX Daemon Server] - 2024-05-15T20:31:22.914Z - Closed a connection. Number of open connections: 0
[NX Daemon Server] - 2024-05-15T20:31:28.246Z - Established a connection. Number of open connections: 1
[NX Daemon Server] - 2024-05-15T20:31:28.247Z - Closed a connection. Number of open connections: 0
[NX Daemon Server] - 2024-05-15T20:31:28.248Z - Established a connection. Number of open connections: 1
[NX Daemon Server] - 2024-05-15T20:31:28.249Z - [REQUEST]: Client Request for Project Graph Received
[NX Daemon Server] - 2024-05-15T20:31:28.249Z - [REQUEST]: Responding to the client. project-graph
[NX Daemon Server] - 2024-05-15T20:31:28.249Z - Time taken for 'total for creating and serializing project graph' 0.3673209999997198ms
[NX Daemon Server] - 2024-05-15T20:31:28.250Z - Done responding to the client project-graph
[NX Daemon Server] - 2024-05-15T20:31:28.250Z - Handled REQUEST_PROJECT_GRAPH. Handling time: 0. Response time: 1.
[NX Daemon Server] - 2024-05-15T20:31:28.484Z - [REQUEST]: Client Request for Project Graph Received
[NX Daemon Server] - 2024-05-15T20:31:28.484Z - [REQUEST]: Responding to the client. project-graph
[NX Daemon Server] - 2024-05-15T20:31:28.485Z - Time taken for 'total for creating and serializing project graph' 0.4981610000004366ms
[NX Daemon Server] - 2024-05-15T20:31:28.485Z - Done responding to the client project-graph
[NX Daemon Server] - 2024-05-15T20:31:28.485Z - Handled REQUEST_PROJECT_GRAPH. Handling time: 0. Response time: 1.
[NX Daemon Server] - 2024-05-15T20:31:28.507Z - [REQUEST]: Client Request for Project Graph Received
[NX Daemon Server] - 2024-05-15T20:31:28.507Z - [REQUEST]: Responding to the client. project-graph
[NX Daemon Server] - 2024-05-15T20:31:28.508Z - Time taken for 'total for creating and serializing project graph' 0.480876000000535ms
[NX Daemon Server] - 2024-05-15T20:31:28.508Z - Done responding to the client project-graph
[NX Daemon Server] - 2024-05-15T20:31:28.508Z - Handled REQUEST_PROJECT_GRAPH. Handling time: 0. Response time: 1.
[NX Daemon Server] - 2024-05-15T20:31:28.514Z - [REQUEST]: Client Request for Project Graph Received
[NX Daemon Server] - 2024-05-15T20:31:28.515Z - [REQUEST]: Responding to the client. project-graph
[NX Daemon Server] - 2024-05-15T20:31:28.515Z - Time taken for 'total for creating and serializing project graph' 0.3551680000000488ms
[NX Daemon Server] - 2024-05-15T20:31:28.515Z - Done responding to the client project-graph
[NX Daemon Server] - 2024-05-15T20:31:28.515Z - Handled REQUEST_PROJECT_GRAPH. Handling time: 1. Response time: 0.
[NX Daemon Server] - 2024-05-15T20:31:28.746Z - Closed a connection. Number of open connections: 0
[NX Daemon Server] - 2024-05-15T20:31:28.792Z - [WATCHER]: 16 file(s) created or restored, 1 file(s) modified, 0 file(s) deleted
[NX Daemon Server] - 2024-05-15T20:31:28.793Z - [WATCHER]: Processing file changes in outputs
[NX Daemon Server] - 2024-05-15T20:31:28.898Z - [REQUEST]: Updated workspace context based on watched changes, recomputing project graph...
[NX Daemon Server] - 2024-05-15T20:31:28.898Z - [REQUEST]: libs/shared-ui/.eslintrc.json,libs/shared-ui/src/test-setup.ts,libs/shared-ui/jest.config.ts,libs/shared-ui/src/lib/shared-ui/shared-ui.component.html,libs/shared-ui/tsconfig.lib.json,libs/shared-ui/src/lib/shared-ui/shared-ui.component.spec.ts,libs/shared-ui/src/lib/shared-ui/shared-ui.component.css,libs/shared-ui/project.json,libs/shared-ui/tsconfig.json,libs/shared-ui/README.md,libs/shared-ui/tsconfig.spec.json,libs/shared-ui/ng-package.json,libs/shared-ui/tsconfig.lib.prod.json,libs/shared-ui/src/index.ts,libs/shared-ui/package.json,libs/shared-ui/src/lib/shared-ui/shared-ui.component.ts,tsconfig.base.json
[NX Daemon Server] - 2024-05-15T20:31:28.898Z - [REQUEST]: 
[NX Daemon Server] - 2024-05-15T20:31:29.048Z - Time taken for 'Load Nx Plugin: /home/micael/gihub/formacaoAngular/node_modules/nx/src/plugins/project-json/build-nodes/package-json-next-to-project-json' 0.8176569999995991ms
[NX Daemon Server] - 2024-05-15T20:33:07.754Z - Established a connection. Number of open connections: 1
[NX Daemon Server] - 2024-05-15T20:33:07.754Z - Closed a connection. Number of open connections: 0
[NX Daemon Server] - 2024-05-15T20:33:07.755Z - Established a connection. Number of open connections: 1
[NX Daemon Server] - 2024-05-15T20:33:07.756Z - [REQUEST]: Client Request for Project Graph Received
[NX Daemon Server] - 2024-05-15T20:33:07.756Z - [REQUEST]: Responding to the client. project-graph
[NX Daemon Server] - 2024-05-15T20:33:07.757Z - Time taken for 'total for creating and serializing project graph' 0.5705509999970673ms
[NX Daemon Server] - 2024-05-15T20:33:07.757Z - Done responding to the client project-graph
[NX Daemon Server] - 2024-05-15T20:33:07.757Z - Handled REQUEST_PROJECT_GRAPH. Handling time: 0. Response time: 1.
[NX Daemon Server] - 2024-05-15T20:33:07.791Z - [REQUEST]: Responding to the client. handleHashTasks
[NX Daemon Server] - 2024-05-15T20:33:07.791Z - Done responding to the client handleHashTasks
[NX Daemon Server] - 2024-05-15T20:33:07.791Z - Handled HASH_TASKS. Handling time: 12. Response time: 0.
[NX Daemon Server] - 2024-05-15T20:33:07.791Z - Time taken for 'Load Nx Plugin: /home/micael/gihub/formacaoAngular/node_modules/nx/src/plugins/project-json/build-nodes/package-json-next-to-project-json' 0.23542599999927916ms
[NX Daemon Server] - 2024-05-15T20:33:08.578Z - [WATCHER]: tmp/libs/shared-ui/build/tsconfig.generated.json was created or restored
[NX Daemon Server] - 2024-05-15T20:33:08.578Z - [WATCHER]: Processing file changes in outputs
[NX Daemon Server] - 2024-05-15T20:33:08.679Z - [REQUEST]: Updated workspace context based on watched changes, recomputing project graph...
[NX Daemon Server] - 2024-05-15T20:33:08.679Z - [REQUEST]: tmp/libs/shared-ui/build/tsconfig.generated.json
[NX Daemon Server] - 2024-05-15T20:33:08.679Z - [REQUEST]: 
[NX Daemon Server] - 2024-05-15T20:33:08.713Z - Time taken for 'Load Nx Plugin: /home/micael/gihub/formacaoAngular/node_modules/nx/src/plugins/project-json/build-nodes/package-json-next-to-project-json' 0.27969799999846146ms
[NX Daemon Server] - 2024-05-15T20:33:09.501Z - [WATCHER]: 7 file(s) created or restored, 0 file(s) modified, 0 file(s) deleted
[NX Daemon Server] - 2024-05-15T20:33:09.501Z - [WATCHER]: Processing file changes in outputs
[NX Daemon Server] - 2024-05-15T20:33:09.522Z - [REQUEST]: Responding to the client. recordOutputsHash
[NX Daemon Server] - 2024-05-15T20:33:09.522Z - Done responding to the client recordOutputsHash
[NX Daemon Server] - 2024-05-15T20:33:09.522Z - Handled RECORD_OUTPUTS_HASH. Handling time: 1. Response time: 0.
[NX Daemon Server] - 2024-05-15T20:33:09.595Z - [REQUEST]: Responding to the client. PROCESS_IN_BACKGROUND
[NX Daemon Server] - 2024-05-15T20:33:09.596Z - Done responding to the client PROCESS_IN_BACKGROUND
[NX Daemon Server] - 2024-05-15T20:33:09.596Z - Handled PROCESS_IN_BACKGROUND. Handling time: 47. Response time: 1.
[NX Daemon Server] - 2024-05-15T20:33:09.596Z - Uploading file artifacts
[NX Daemon Server] - 2024-05-15T20:33:09.640Z - [REQUEST]: Updated workspace context based on watched changes, recomputing project graph...
[NX Daemon Server] - 2024-05-15T20:33:09.640Z - [REQUEST]: dist/libs/shared-ui/fesm2022/formacao-shared-ui.mjs.map,dist/libs/shared-ui/lib/shared-ui/shared-ui.component.d.ts,dist/libs/shared-ui/esm2022/lib/shared-ui/shared-ui.component.mjs,dist/libs/shared-ui/index.d.ts,dist/libs/shared-ui/esm2022/index.mjs,dist/libs/shared-ui/esm2022/formacao-shared-ui.mjs,dist/libs/shared-ui/fesm2022/formacao-shared-ui.mjs
[NX Daemon Server] - 2024-05-15T20:33:09.640Z - [REQUEST]: 
[NX Daemon Server] - 2024-05-15T20:33:09.668Z - [WATCHER]: 4 file(s) created or restored, 1 file(s) modified, 1 file(s) deleted
[NX Daemon Server] - 2024-05-15T20:33:09.668Z - [WATCHER]: Processing file changes in outputs
[NX Daemon Server] - 2024-05-15T20:33:09.668Z - Time taken for 'Load Nx Plugin: /home/micael/gihub/formacaoAngular/node_modules/nx/src/plugins/project-json/build-nodes/package-json-next-to-project-json' 0.2542679999896791ms
[NX Daemon Server] - 2024-05-15T20:33:09.668Z - Closed a connection. Number of open connections: 0
[NX Daemon Server] - 2024-05-15T20:33:09.772Z - [REQUEST]: Updated workspace context based on watched changes, recomputing project graph...
[NX Daemon Server] - 2024-05-15T20:33:09.772Z - [REQUEST]: dist/libs/shared-ui/README.md,dist/libs/shared-ui/package.json,dist/libs/shared-ui/.npmignore,dist/libs/shared-ui/fesm2022/formacao-shared-ui.mjs.map,dist/libs/shared-ui/fesm2022/formacao-shared-ui.mjs
[NX Daemon Server] - 2024-05-15T20:33:09.772Z - [REQUEST]: tmp/libs/shared-ui/build/tsconfig.generated.json
[NX Daemon Server] - 2024-05-15T20:33:09.815Z - Time taken for 'Load Nx Plugin: /home/micael/gihub/formacaoAngular/node_modules/nx/src/plugins/project-json/build-nodes/package-json-next-to-project-json' 0.7718880000029458ms
[NX Daemon Server] - 2024-05-15T20:33:10.078Z - Done uploading file artifacts
[NX Daemon Server] - 2024-05-15T20:33:10.079Z - Sending EndRun request
[NX Daemon Server] - 2024-05-15T20:33:10.337Z - Done sending EndRun request
[NX Daemon Server] - 2024-05-15T20:34:05.834Z - [WATCHER]: Processing file changes in outputs
[NX Daemon Server] - 2024-05-15T20:34:18.077Z - [WATCHER]: Processing file changes in outputs
[NX Daemon Server] - 2024-05-15T20:34:18.079Z - [WATCHER]: Stopping the watcher for /home/micael/gihub/formacaoAngular (sources)
[NX Daemon Server] - 2024-05-15T20:34:18.079Z - [WATCHER]: Stopping the watcher for /home/micael/gihub/formacaoAngular (outputs)
[NX Daemon Server] - 2024-05-15T20:34:18.079Z - Server stopped because: "Lock file changed"
[NX Daemon Server] - 2024-05-15T20:41:31.010Z - Started listening on: /tmp/0c8b6ea3d56db417e919/d.sock
[NX Daemon Server] - 2024-05-15T20:41:31.012Z - [WATCHER]: Subscribed to changes within: /home/micael/gihub/formacaoAngular (native)
[NX Daemon Server] - 2024-05-15T20:41:31.018Z - Established a connection. Number of open connections: 1
[NX Daemon Server] - 2024-05-15T20:41:31.019Z - Established a connection. Number of open connections: 2
[NX Daemon Server] - 2024-05-15T20:41:31.020Z - Closed a connection. Number of open connections: 1
[NX Daemon Server] - 2024-05-15T20:41:31.020Z - [REQUEST]: Client Request for Project Graph Received
[NX Daemon Server] - 2024-05-15T20:41:31.025Z - [REQUEST]: Updated workspace context based on watched changes, recomputing project graph...
[NX Daemon Server] - 2024-05-15T20:41:31.026Z - [REQUEST]: 
[NX Daemon Server] - 2024-05-15T20:41:31.026Z - [REQUEST]: 
[NX Daemon Server] - 2024-05-15T20:41:31.219Z - [REQUEST]: Responding to the client. project-graph
[NX Daemon Server] - 2024-05-15T20:41:31.220Z - Time taken for 'total for creating and serializing project graph' 199.045184ms
[NX Daemon Server] - 2024-05-15T20:41:31.221Z - Done responding to the client project-graph
[NX Daemon Server] - 2024-05-15T20:41:31.221Z - Handled REQUEST_PROJECT_GRAPH. Handling time: 199. Response time: 2.
[NX Daemon Server] - 2024-05-15T20:41:31.248Z - [REQUEST]: Responding to the client. handleHashTasks
[NX Daemon Server] - 2024-05-15T20:41:31.248Z - Done responding to the client handleHashTasks
[NX Daemon Server] - 2024-05-15T20:41:31.249Z - Handled HASH_TASKS. Handling time: 8. Response time: 1.
[NX Daemon Server] - 2024-05-15T20:41:31.249Z - Time taken for 'Load Nx Plugin: /home/micael/gihub/formacaoAngular/node_modules/nx/src/plugins/project-json/build-nodes/package-json-next-to-project-json' 0.2671550000000025ms
[NX Daemon Server] - 2024-05-15T20:41:36.241Z - [WATCHER]: Processing file changes in outputs
[NX Daemon Server] - 2024-05-15T20:41:36.293Z - [WATCHER]: Processing file changes in outputs
[NX Daemon Server] - 2024-05-15T20:42:27.528Z - [WATCHER]: apps/memoteca/src/app/app.module.ts was modified
[NX Daemon Server] - 2024-05-15T20:42:27.529Z - [WATCHER]: Processing file changes in outputs
[NX Daemon Server] - 2024-05-15T20:42:27.631Z - [REQUEST]: Updated workspace context based on watched changes, recomputing project graph...
[NX Daemon Server] - 2024-05-15T20:42:27.631Z - [REQUEST]: apps/memoteca/src/app/app.module.ts
[NX Daemon Server] - 2024-05-15T20:42:27.631Z - [REQUEST]: 
[NX Daemon Server] - 2024-05-15T20:42:27.667Z - Time taken for 'Load Nx Plugin: /home/micael/gihub/formacaoAngular/node_modules/nx/src/plugins/project-json/build-nodes/package-json-next-to-project-json' 0.49192000000039116ms
[NX Daemon Server] - 2024-05-15T20:42:28.031Z - [WATCHER]: Processing file changes in outputs
[NX Daemon Server] - 2024-05-15T20:42:43.059Z - [WATCHER]: apps/memoteca/src/app/app.module.ts was modified
[NX Daemon Server] - 2024-05-15T20:42:43.059Z - [WATCHER]: Processing file changes in outputs
[NX Daemon Server] - 2024-05-15T20:42:43.183Z - [WATCHER]: Processing file changes in outputs
[NX Daemon Server] - 2024-05-15T20:42:43.235Z - [WATCHER]: Processing file changes in outputs
[NX Daemon Server] - 2024-05-15T20:42:43.261Z - [REQUEST]: Updated workspace context based on watched changes, recomputing project graph...
[NX Daemon Server] - 2024-05-15T20:42:43.261Z - [REQUEST]: apps/memoteca/src/app/app.module.ts
[NX Daemon Server] - 2024-05-15T20:42:43.261Z - [REQUEST]: 
[NX Daemon Server] - 2024-05-15T20:42:43.319Z - Time taken for 'Load Nx Plugin: /home/micael/gihub/formacaoAngular/node_modules/nx/src/plugins/project-json/build-nodes/package-json-next-to-project-json' 0.4404750000103377ms
[NX Daemon Server] - 2024-05-15T20:42:44.353Z - [WATCHER]: Processing file changes in outputs
[NX Daemon Server] - 2024-05-15T20:42:44.405Z - [WATCHER]: Processing file changes in outputs
[NX Daemon Server] - 2024-05-15T20:42:44.558Z - [WATCHER]: Processing file changes in outputs
[NX Daemon Server] - 2024-05-15T20:42:44.658Z - [WATCHER]: Processing file changes in outputs
[NX Daemon Server] - 2024-05-15T20:42:56.017Z - [WATCHER]: apps/memoteca/src/app/componentes/cabecalho/cabecalho.component.html was modified
[NX Daemon Server] - 2024-05-15T20:42:56.017Z - [WATCHER]: Processing file changes in outputs
[NX Daemon Server] - 2024-05-15T20:42:56.276Z - [WATCHER]: Processing file changes in outputs
[NX Daemon Server] - 2024-05-15T20:42:56.419Z - [REQUEST]: Updated workspace context based on watched changes, recomputing project graph...
[NX Daemon Server] - 2024-05-15T20:42:56.419Z - [REQUEST]: apps/memoteca/src/app/componentes/cabecalho/cabecalho.component.html
[NX Daemon Server] - 2024-05-15T20:42:56.419Z - [REQUEST]: 
[NX Daemon Server] - 2024-05-15T20:42:56.466Z - Time taken for 'Load Nx Plugin: /home/micael/gihub/formacaoAngular/node_modules/nx/src/plugins/project-json/build-nodes/package-json-next-to-project-json' 0.44009200000436977ms
[NX Daemon Server] - 2024-05-15T20:43:02.247Z - [WATCHER]: apps/memoteca/src/app/componentes/cabecalho/cabecalho.component.html was modified
[NX Daemon Server] - 2024-05-15T20:43:02.247Z - [WATCHER]: Processing file changes in outputs
[NX Daemon Server] - 2024-05-15T20:43:03.051Z - [REQUEST]: Updated workspace context based on watched changes, recomputing project graph...
[NX Daemon Server] - 2024-05-15T20:43:03.051Z - [REQUEST]: apps/memoteca/src/app/componentes/cabecalho/cabecalho.component.html
[NX Daemon Server] - 2024-05-15T20:43:03.051Z - [REQUEST]: 
[NX Daemon Server] - 2024-05-15T20:43:03.079Z - Time taken for 'Load Nx Plugin: /home/micael/gihub/formacaoAngular/node_modules/nx/src/plugins/project-json/build-nodes/package-json-next-to-project-json' 1.291177000006428ms
[NX Daemon Server] - 2024-05-15T20:44:02.669Z - [WATCHER]: Processing file changes in outputs
[NX Daemon Server] - 2024-05-15T20:44:02.720Z - [WATCHER]: Processing file changes in outputs
[NX Daemon Server] - 2024-05-15T20:47:30.120Z - [WATCHER]: nx.json was modified
[NX Daemon Server] - 2024-05-15T20:47:30.120Z - [WATCHER]: Processing file changes in outputs
[NX Daemon Server] - 2024-05-15T20:47:31.724Z - [REQUEST]: Updated workspace context based on watched changes, recomputing project graph...
[NX Daemon Server] - 2024-05-15T20:47:31.724Z - [REQUEST]: nx.json
[NX Daemon Server] - 2024-05-15T20:47:31.724Z - [REQUEST]: 
[NX Daemon Server] - 2024-05-15T20:47:31.761Z - Time taken for 'Load Nx Plugin: /home/micael/gihub/formacaoAngular/node_modules/nx/src/plugins/project-json/build-nodes/package-json-next-to-project-json' 0.8427850000443868ms
[NX Daemon Server] - 2024-05-15T20:49:29.775Z - [WATCHER]: Processing file changes in outputs
[NX Daemon Server] - 2024-05-15T20:49:29.776Z - [WATCHER]: nx.json was modified
[NX Daemon Server] - 2024-05-15T20:49:32.087Z - Closed a connection. Number of open connections: 0
[NX Daemon Server] - 2024-05-15T20:49:32.979Z - [REQUEST]: Updated workspace context based on watched changes, recomputing project graph...
[NX Daemon Server] - 2024-05-15T20:49:32.980Z - [REQUEST]: nx.json
[NX Daemon Server] - 2024-05-15T20:49:32.980Z - [REQUEST]: 
[NX Daemon Server] - 2024-05-15T20:49:33.014Z - Time taken for 'Load Nx Plugin: /home/micael/gihub/formacaoAngular/node_modules/nx/src/plugins/project-json/build-nodes/package-json-next-to-project-json' 0.9323830000357702ms
[NX Daemon Server] - 2024-05-15T20:49:38.820Z - Established a connection. Number of open connections: 1
[NX Daemon Server] - 2024-05-15T20:49:38.821Z - Closed a connection. Number of open connections: 0
[NX Daemon Server] - 2024-05-15T20:49:38.822Z - Established a connection. Number of open connections: 1
[NX Daemon Server] - 2024-05-15T20:49:38.822Z - [REQUEST]: Client Request for Project Graph Received
[NX Daemon Server] - 2024-05-15T20:49:38.823Z - [REQUEST]: Responding to the client. project-graph
[NX Daemon Server] - 2024-05-15T20:49:38.824Z - Time taken for 'total for creating and serializing project graph' 0.6120649999938905ms
[NX Daemon Server] - 2024-05-15T20:49:38.825Z - Done responding to the client project-graph
[NX Daemon Server] - 2024-05-15T20:49:38.825Z - Handled REQUEST_PROJECT_GRAPH. Handling time: 1. Response time: 2.
[NX Daemon Server] - 2024-05-15T20:49:38.856Z - [REQUEST]: Responding to the client. handleHashTasks
[NX Daemon Server] - 2024-05-15T20:49:38.856Z - Done responding to the client handleHashTasks
[NX Daemon Server] - 2024-05-15T20:49:38.856Z - Handled HASH_TASKS. Handling time: 10. Response time: 0.
[NX Daemon Server] - 2024-05-15T20:49:38.856Z - Time taken for 'Load Nx Plugin: /home/micael/gihub/formacaoAngular/node_modules/nx/src/plugins/project-json/build-nodes/package-json-next-to-project-json' 0.1603140000370331ms
[NX Daemon Server] - 2024-05-15T20:49:39.993Z - [WATCHER]: tmp/libs/shared-ui/build/tsconfig.generated.json was created or restored
[NX Daemon Server] - 2024-05-15T20:49:39.993Z - [WATCHER]: Processing file changes in outputs
[NX Daemon Server] - 2024-05-15T20:49:40.094Z - [REQUEST]: Updated workspace context based on watched changes, recomputing project graph...
[NX Daemon Server] - 2024-05-15T20:49:40.094Z - [REQUEST]: tmp/libs/shared-ui/build/tsconfig.generated.json
[NX Daemon Server] - 2024-05-15T20:49:40.094Z - [REQUEST]: 
[NX Daemon Server] - 2024-05-15T20:49:40.119Z - Time taken for 'Load Nx Plugin: /home/micael/gihub/formacaoAngular/node_modules/nx/src/plugins/project-json/build-nodes/package-json-next-to-project-json' 0.18204899999545887ms
[NX Daemon Server] - 2024-05-15T20:49:40.184Z - [WATCHER]: 0 file(s) created or restored, 0 file(s) modified, 10 file(s) deleted
[NX Daemon Server] - 2024-05-15T20:49:40.184Z - [WATCHER]: Processing file changes in outputs
[NX Daemon Server] - 2024-05-15T20:49:40.385Z - [REQUEST]: Updated workspace context based on watched changes, recomputing project graph...
[NX Daemon Server] - 2024-05-15T20:49:40.386Z - [REQUEST]: 
[NX Daemon Server] - 2024-05-15T20:49:40.386Z - [REQUEST]: dist/libs/shared-ui/README.md,dist/libs/shared-ui/esm2022/formacao-shared-ui.mjs,dist/libs/shared-ui/index.d.ts,dist/libs/shared-ui/.npmignore,dist/libs/shared-ui/fesm2022/formacao-shared-ui.mjs,dist/libs/shared-ui/lib/shared-ui/shared-ui.component.d.ts,dist/libs/shared-ui/esm2022/index.mjs,dist/libs/shared-ui/package.json,dist/libs/shared-ui/fesm2022/formacao-shared-ui.mjs.map,dist/libs/shared-ui/esm2022/lib/shared-ui/shared-ui.component.mjs
[NX Daemon Server] - 2024-05-15T20:49:40.420Z - Time taken for 'Load Nx Plugin: /home/micael/gihub/formacaoAngular/node_modules/nx/src/plugins/project-json/build-nodes/package-json-next-to-project-json' 0.31173000001581386ms
[NX Daemon Server] - 2024-05-15T20:49:40.921Z - [WATCHER]: 7 file(s) created or restored, 0 file(s) modified, 0 file(s) deleted
[NX Daemon Server] - 2024-05-15T20:49:40.921Z - [WATCHER]: Processing file changes in outputs
[NX Daemon Server] - 2024-05-15T20:49:40.936Z - [REQUEST]: Responding to the client. recordOutputsHash
[NX Daemon Server] - 2024-05-15T20:49:40.936Z - Done responding to the client recordOutputsHash
[NX Daemon Server] - 2024-05-15T20:49:40.936Z - Handled RECORD_OUTPUTS_HASH. Handling time: 1. Response time: 0.
[NX Daemon Server] - 2024-05-15T20:49:40.974Z - [WATCHER]: 3 file(s) created or restored, 0 file(s) modified, 1 file(s) deleted
[NX Daemon Server] - 2024-05-15T20:49:40.974Z - [WATCHER]: Processing file changes in outputs
[NX Daemon Server] - 2024-05-15T20:49:41.022Z - [REQUEST]: Updated workspace context based on watched changes, recomputing project graph...
[NX Daemon Server] - 2024-05-15T20:49:41.022Z - [REQUEST]: dist/libs/shared-ui/esm2022/formacao-shared-ui.mjs,dist/libs/shared-ui/esm2022/lib/shared-ui/shared-ui.component.mjs,dist/libs/shared-ui/index.d.ts,dist/libs/shared-ui/fesm2022/formacao-shared-ui.mjs.map,dist/libs/shared-ui/esm2022/index.mjs,dist/libs/shared-ui/fesm2022/formacao-shared-ui.mjs,dist/libs/shared-ui/lib/shared-ui/shared-ui.component.d.ts,dist/libs/shared-ui/.npmignore,dist/libs/shared-ui/README.md,dist/libs/shared-ui/package.json
[NX Daemon Server] - 2024-05-15T20:49:41.022Z - [REQUEST]: tmp/libs/shared-ui/build/tsconfig.generated.json
[NX Daemon Server] - 2024-05-15T20:49:41.047Z - Time taken for 'Load Nx Plugin: /home/micael/gihub/formacaoAngular/node_modules/nx/src/plugins/project-json/build-nodes/package-json-next-to-project-json' 0.2056180000072345ms
[NX Daemon Server] - 2024-05-15T20:49:45.349Z - [WATCHER]: Processing file changes in outputs
[NX Daemon Server] - 2024-05-15T20:50:35.711Z - Closed a connection. Number of open connections: 0
[NX Daemon Server] - 2024-05-15T20:50:39.419Z - Established a connection. Number of open connections: 1
[NX Daemon Server] - 2024-05-15T20:50:39.420Z - Closed a connection. Number of open connections: 0
[NX Daemon Server] - 2024-05-15T20:50:39.420Z - Established a connection. Number of open connections: 1
[NX Daemon Server] - 2024-05-15T20:50:39.421Z - [REQUEST]: Client Request for Project Graph Received
[NX Daemon Server] - 2024-05-15T20:50:39.422Z - [REQUEST]: Responding to the client. project-graph
[NX Daemon Server] - 2024-05-15T20:50:39.422Z - Time taken for 'total for creating and serializing project graph' 0.41459699999541044ms
[NX Daemon Server] - 2024-05-15T20:50:39.423Z - Done responding to the client project-graph
[NX Daemon Server] - 2024-05-15T20:50:39.423Z - Handled REQUEST_PROJECT_GRAPH. Handling time: 1. Response time: 1.
[NX Daemon Server] - 2024-05-15T20:50:39.450Z - [REQUEST]: Responding to the client. handleHashTasks
[NX Daemon Server] - 2024-05-15T20:50:39.450Z - Done responding to the client handleHashTasks
[NX Daemon Server] - 2024-05-15T20:50:39.450Z - Handled HASH_TASKS. Handling time: 9. Response time: 0.
[NX Daemon Server] - 2024-05-15T20:50:39.450Z - Time taken for 'Load Nx Plugin: /home/micael/gihub/formacaoAngular/node_modules/nx/src/plugins/project-json/build-nodes/package-json-next-to-project-json' 0.14193799998611212ms
[NX Daemon Server] - 2024-05-15T20:50:44.129Z - [WATCHER]: Processing file changes in outputs
[NX Daemon Server] - 2024-05-15T20:50:44.187Z - [WATCHER]: Processing file changes in outputs
[NX Daemon Server] - 2024-05-15T20:50:44.263Z - [WATCHER]: Processing file changes in outputs
[NX Daemon Server] - 2024-05-15T20:50:46.614Z - Closed a connection. Number of open connections: 0
[NX Daemon Server] - 2024-05-15T20:50:48.548Z - Established a connection. Number of open connections: 1
[NX Daemon Server] - 2024-05-15T20:50:48.549Z - Closed a connection. Number of open connections: 0
[NX Daemon Server] - 2024-05-15T20:50:48.549Z - Established a connection. Number of open connections: 1
[NX Daemon Server] - 2024-05-15T20:50:48.550Z - [REQUEST]: Client Request for Project Graph Received
[NX Daemon Server] - 2024-05-15T20:50:48.551Z - [REQUEST]: Responding to the client. project-graph
[NX Daemon Server] - 2024-05-15T20:50:48.551Z - Time taken for 'total for creating and serializing project graph' 0.4009560000849888ms
[NX Daemon Server] - 2024-05-15T20:50:48.552Z - Done responding to the client project-graph
[NX Daemon Server] - 2024-05-15T20:50:48.552Z - Handled REQUEST_PROJECT_GRAPH. Handling time: 1. Response time: 1.
[NX Daemon Server] - 2024-05-15T20:50:48.579Z - [REQUEST]: Responding to the client. handleHashTasks
[NX Daemon Server] - 2024-05-15T20:50:48.579Z - Done responding to the client handleHashTasks
[NX Daemon Server] - 2024-05-15T20:50:48.579Z - Handled HASH_TASKS. Handling time: 7. Response time: 0.
[NX Daemon Server] - 2024-05-15T20:50:48.579Z - Time taken for 'Load Nx Plugin: /home/micael/gihub/formacaoAngular/node_modules/nx/src/plugins/project-json/build-nodes/package-json-next-to-project-json' 0.158036999986507ms
[NX Daemon Server] - 2024-05-15T20:50:48.669Z - [REQUEST]: Responding to the client. outputsHashesMatch
[NX Daemon Server] - 2024-05-15T20:50:48.669Z - Done responding to the client outputsHashesMatch
[NX Daemon Server] - 2024-05-15T20:50:48.669Z - Handled OUTPUTS_HASHES_MATCH. Handling time: 0. Response time: 0.
[NX Daemon Server] - 2024-05-15T20:50:48.670Z - [REQUEST]: Responding to the client. recordOutputsHash
[NX Daemon Server] - 2024-05-15T20:50:48.670Z - Done responding to the client recordOutputsHash
[NX Daemon Server] - 2024-05-15T20:50:48.670Z - Handled RECORD_OUTPUTS_HASH. Handling time: 0. Response time: 0.
[NX Daemon Server] - 2024-05-15T20:50:54.014Z - Closed a connection. Number of open connections: 0
[NX Daemon Server] - 2024-05-15T20:51:06.902Z - Established a connection. Number of open connections: 1
[NX Daemon Server] - 2024-05-15T20:51:06.902Z - Closed a connection. Number of open connections: 0
[NX Daemon Server] - 2024-05-15T20:51:06.903Z - Established a connection. Number of open connections: 1
[NX Daemon Server] - 2024-05-15T20:51:06.904Z - [REQUEST]: Client Request for Project Graph Received
[NX Daemon Server] - 2024-05-15T20:51:06.904Z - [REQUEST]: Responding to the client. project-graph
[NX Daemon Server] - 2024-05-15T20:51:06.905Z - Time taken for 'total for creating and serializing project graph' 0.4622690000105649ms
[NX Daemon Server] - 2024-05-15T20:51:06.905Z - Done responding to the client project-graph
[NX Daemon Server] - 2024-05-15T20:51:06.905Z - Handled REQUEST_PROJECT_GRAPH. Handling time: 0. Response time: 1.
[NX Daemon Server] - 2024-05-15T20:51:06.930Z - [REQUEST]: Responding to the client. handleHashTasks
[NX Daemon Server] - 2024-05-15T20:51:06.930Z - Done responding to the client handleHashTasks
[NX Daemon Server] - 2024-05-15T20:51:06.930Z - Handled HASH_TASKS. Handling time: 5. Response time: 0.
[NX Daemon Server] - 2024-05-15T20:51:06.930Z - Time taken for 'Load Nx Plugin: /home/micael/gihub/formacaoAngular/node_modules/nx/src/plugins/project-json/build-nodes/package-json-next-to-project-json' 0.16063499997835606ms
[NX Daemon Server] - 2024-05-15T20:51:11.604Z - [WATCHER]: Processing file changes in outputs
[NX Daemon Server] - 2024-05-15T20:51:11.657Z - [WATCHER]: Processing file changes in outputs
[NX Daemon Server] - 2024-05-15T20:51:11.725Z - [WATCHER]: Processing file changes in outputs
[NX Daemon Server] - 2024-05-15T20:52:57.748Z - Closed a connection. Number of open connections: 0
[NX Daemon Server] - 2024-05-15T20:52:58.983Z - Established a connection. Number of open connections: 1
[NX Daemon Server] - 2024-05-15T20:52:58.983Z - Closed a connection. Number of open connections: 0
[NX Daemon Server] - 2024-05-15T20:52:58.984Z - Established a connection. Number of open connections: 1
[NX Daemon Server] - 2024-05-15T20:52:58.985Z - [REQUEST]: Client Request for Project Graph Received
[NX Daemon Server] - 2024-05-15T20:52:58.985Z - [REQUEST]: Responding to the client. project-graph
[NX Daemon Server] - 2024-05-15T20:52:58.985Z - Time taken for 'total for creating and serializing project graph' 0.3517649999121204ms
[NX Daemon Server] - 2024-05-15T20:52:58.986Z - Done responding to the client project-graph
[NX Daemon Server] - 2024-05-15T20:52:58.986Z - Handled REQUEST_PROJECT_GRAPH. Handling time: 0. Response time: 1.
[NX Daemon Server] - 2024-05-15T20:52:59.011Z - [REQUEST]: Responding to the client. handleHashTasks
[NX Daemon Server] - 2024-05-15T20:52:59.011Z - Done responding to the client handleHashTasks
[NX Daemon Server] - 2024-05-15T20:52:59.011Z - Handled HASH_TASKS. Handling time: 5. Response time: 1.
[NX Daemon Server] - 2024-05-15T20:52:59.011Z - Time taken for 'Load Nx Plugin: /home/micael/gihub/formacaoAngular/node_modules/nx/src/plugins/project-json/build-nodes/package-json-next-to-project-json' 0.15467300009913743ms
[NX Daemon Server] - 2024-05-15T20:53:00.704Z - Closed a connection. Number of open connections: 0
[NX Daemon Server] - 2024-05-15T20:53:04.061Z - Established a connection. Number of open connections: 1
[NX Daemon Server] - 2024-05-15T20:53:04.062Z - Closed a connection. Number of open connections: 0
[NX Daemon Server] - 2024-05-15T20:53:04.062Z - Established a connection. Number of open connections: 1
[NX Daemon Server] - 2024-05-15T20:53:04.063Z - [REQUEST]: Client Request for Project Graph Received
[NX Daemon Server] - 2024-05-15T20:53:04.064Z - [REQUEST]: Responding to the client. project-graph
[NX Daemon Server] - 2024-05-15T20:53:04.064Z - Time taken for 'total for creating and serializing project graph' 0.42860699992161244ms
[NX Daemon Server] - 2024-05-15T20:53:04.065Z - Done responding to the client project-graph
[NX Daemon Server] - 2024-05-15T20:53:04.065Z - Handled REQUEST_PROJECT_GRAPH. Handling time: 1. Response time: 1.
[NX Daemon Server] - 2024-05-15T20:53:04.092Z - [REQUEST]: Responding to the client. handleHashTasks
[NX Daemon Server] - 2024-05-15T20:53:04.092Z - Done responding to the client handleHashTasks
[NX Daemon Server] - 2024-05-15T20:53:04.092Z - Handled HASH_TASKS. Handling time: 7. Response time: 0.
[NX Daemon Server] - 2024-05-15T20:53:04.092Z - Time taken for 'Load Nx Plugin: /home/micael/gihub/formacaoAngular/node_modules/nx/src/plugins/project-json/build-nodes/package-json-next-to-project-json' 0.19362800009548664ms
[NX Daemon Server] - 2024-05-15T20:53:04.181Z - [REQUEST]: Responding to the client. outputsHashesMatch
[NX Daemon Server] - 2024-05-15T20:53:04.182Z - Done responding to the client outputsHashesMatch
[NX Daemon Server] - 2024-05-15T20:53:04.182Z - Handled OUTPUTS_HASHES_MATCH. Handling time: 0. Response time: 1.
[NX Daemon Server] - 2024-05-15T20:53:04.183Z - [REQUEST]: Responding to the client. recordOutputsHash
[NX Daemon Server] - 2024-05-15T20:53:04.183Z - Done responding to the client recordOutputsHash
[NX Daemon Server] - 2024-05-15T20:53:04.183Z - Handled RECORD_OUTPUTS_HASH. Handling time: 1. Response time: 0.
[NX Daemon Server] - 2024-05-15T20:53:09.734Z - Closed a connection. Number of open connections: 0
